# JRE version: OpenJDK Runtime Environment (21.0.4) (build 21.0.4+-12508038-b607.1)
# Java VM: OpenJDK 64-Bit Server VM (21.0.4+-12508038-b607.1, mixed mode, tiered, compressed oops, compressed class ptrs, g1 gc, windows-amd64)
GC Precious Log:
 CardTable entry size: 512
 Card Set container configuration: InlinePtr #cards 5 size 8 Array Of Cards #cards 12 size 40 Howl #buckets 4 coarsen threshold 1843 Howl Bitmap #cards 512 size 80 coarsen threshold 460 Card regions per heap region 1 cards per card region 2048
 CPUs: 16 total, 16 available
 Memory: 16236M
 Large Page Support: Disabled
 NUMA Support: Disabled
 Compressed Oops: Enabled (32-bit)
 Heap Region Size: 1M
 Heap Min Capacity: 8M
 Heap Initial Capacity: 254M
 Heap Max Capacity: 2G
 Pre-touch: Disabled
 Parallel Workers: 13
 Concurrent Workers: 3
 Concurrent Refinement Workers: 13
 Periodic GC: Disabled
Heap:
 garbage-first heap   total 219136K, used 154007K [0x0000000080000000, 0x0000000100000000)
  region size 1024K, 9 young (9216K), 7 survivors (7168K)
 Metaspace       used 105252K, committed 107328K, reserved 1179648K
  class space    used 14145K, committed 15168K, reserved 1048576K
GC Heap History (20 events):
Event: 8.405 GC heap before
{Heap before GC invocations=28 (full 0):
 garbage-first heap   total 129024K, used 113743K [0x0000000080000000, 0x0000000100000000)
  region size 1024K, 49 young (50176K), 6 survivors (6144K)
 Metaspace       used 95807K, committed 97792K, reserved 1179648K
  class space    used 13133K, committed 14144K, reserved 1048576K
}
Event: 8.409 GC heap after
{Heap after GC invocations=29 (full 0):
 garbage-first heap   total 129024K, used 75151K [0x0000000080000000, 0x0000000100000000)
  region size 1024K, 7 young (7168K), 7 survivors (7168K)
 Metaspace       used 95807K, committed 97792K, reserved 1179648K
  class space    used 13133K, committed 14144K, reserved 1048576K
}
Event: 8.742 GC heap before
{Heap before GC invocations=30 (full 0):
 garbage-first heap   total 129024K, used 113039K [0x0000000080000000, 0x0000000100000000)
  region size 1024K, 45 young (46080K), 7 survivors (7168K)
 Metaspace       used 96894K, committed 98880K, reserved 1179648K
  class space    used 13341K, committed 14336K, reserved 1048576K
}
Event: 8.748 GC heap after
{Heap after GC invocations=31 (full 0):
 garbage-first heap   total 155648K, used 79455K [0x0000000080000000, 0x0000000100000000)
  region size 1024K, 5 young (5120K), 5 survivors (5120K)
 Metaspace       used 96894K, committed 98880K, reserved 1179648K
  class space    used 13341K, committed 14336K, reserved 1048576K
}
Event: 10.107 GC heap before
{Heap before GC invocations=31 (full 0):
 garbage-first heap   total 155648K, used 137823K [0x0000000080000000, 0x0000000100000000)
  region size 1024K, 62 young (63488K), 5 survivors (5120K)
 Metaspace       used 97355K, committed 99392K, reserved 1179648K
  class space    used 13358K, committed 14400K, reserved 1048576K
}
Event: 10.112 GC heap after
{Heap after GC invocations=32 (full 0):
 garbage-first heap   total 155648K, used 83442K [0x0000000080000000, 0x0000000100000000)
  region size 1024K, 5 young (5120K), 5 survivors (5120K)
 Metaspace       used 97355K, committed 99392K, reserved 1179648K
  class space    used 13358K, committed 14400K, reserved 1048576K
}
Event: 10.328 GC heap before
{Heap before GC invocations=32 (full 0):
 garbage-first heap   total 155648K, used 106994K [0x0000000080000000, 0x0000000100000000)
  region size 1024K, 30 young (30720K), 5 survivors (5120K)
 Metaspace       used 97826K, committed 99840K, reserved 1179648K
  class space    used 13433K, committed 14464K, reserved 1048576K
}
Event: 10.331 GC heap after
{Heap after GC invocations=33 (full 0):
 garbage-first heap   total 155648K, used 85119K [0x0000000080000000, 0x0000000100000000)
  region size 1024K, 7 young (7168K), 7 survivors (7168K)
 Metaspace       used 97826K, committed 99840K, reserved 1179648K
  class space    used 13433K, committed 14464K, reserved 1048576K
}
Event: 11.165 GC heap before
{Heap before GC invocations=34 (full 0):
 garbage-first heap   total 155648K, used 142463K [0x0000000080000000, 0x0000000100000000)
  region size 1024K, 59 young (60416K), 7 survivors (7168K)
 Metaspace       used 101424K, committed 103424K, reserved 1179648K
  class space    used 13738K, committed 14720K, reserved 1048576K
}
Event: 11.173 GC heap after
{Heap after GC invocations=35 (full 0):
 garbage-first heap   total 158720K, used 93184K [0x0000000080000000, 0x0000000100000000)
  region size 1024K, 8 young (8192K), 8 survivors (8192K)
 Metaspace       used 101424K, committed 103424K, reserved 1179648K
  class space    used 13738K, committed 14720K, reserved 1048576K
}
Event: 11.603 GC heap before
{Heap before GC invocations=35 (full 0):
 garbage-first heap   total 158720K, used 149504K [0x0000000080000000, 0x0000000100000000)
  region size 1024K, 55 young (56320K), 8 survivors (8192K)
 Metaspace       used 101537K, committed 103488K, reserved 1179648K
  class space    used 13739K, committed 14720K, reserved 1048576K
}
Event: 11.616 GC heap after
{Heap after GC invocations=36 (full 0):
 garbage-first heap   total 182272K, used 115991K [0x0000000080000000, 0x0000000100000000)
  region size 1024K, 7 young (7168K), 7 survivors (7168K)
 Metaspace       used 101537K, committed 103488K, reserved 1179648K
  class space    used 13739K, committed 14720K, reserved 1048576K
}
Event: 11.890 GC heap before
{Heap before GC invocations=36 (full 0):
 garbage-first heap   total 182272K, used 142615K [0x0000000080000000, 0x0000000100000000)
  region size 1024K, 34 young (34816K), 7 survivors (7168K)
 Metaspace       used 102025K, committed 104000K, reserved 1179648K
  class space    used 13791K, committed 14784K, reserved 1048576K
}
Event: 11.896 GC heap after
{Heap after GC invocations=37 (full 0):
 garbage-first heap   total 182272K, used 123686K [0x0000000080000000, 0x0000000100000000)
  region size 1024K, 6 young (6144K), 6 survivors (6144K)
 Metaspace       used 102025K, committed 104000K, reserved 1179648K
  class space    used 13791K, committed 14784K, reserved 1048576K
}
Event: 12.300 GC heap before
{Heap before GC invocations=38 (full 0):
 garbage-first heap   total 219136K, used 162598K [0x0000000080000000, 0x0000000100000000)
  region size 1024K, 37 young (37888K), 6 survivors (6144K)
 Metaspace       used 102598K, committed 104576K, reserved 1179648K
  class space    used 13836K, committed 14784K, reserved 1048576K
}
Event: 12.306 GC heap after
{Heap after GC invocations=39 (full 0):
 garbage-first heap   total 219136K, used 129773K [0x0000000080000000, 0x0000000100000000)
  region size 1024K, 5 young (5120K), 5 survivors (5120K)
 Metaspace       used 102598K, committed 104576K, reserved 1179648K
  class space    used 13836K, committed 14784K, reserved 1048576K
}
Event: 12.822 GC heap before
{Heap before GC invocations=39 (full 0):
 garbage-first heap   total 219136K, used 181997K [0x0000000080000000, 0x0000000100000000)
  region size 1024K, 56 young (57344K), 5 survivors (5120K)
 Metaspace       used 105141K, committed 107072K, reserved 1179648K
  class space    used 14136K, committed 15104K, reserved 1048576K
}
Event: 12.826 GC heap after
{Heap after GC invocations=40 (full 0):
 garbage-first heap   total 219136K, used 130757K [0x0000000080000000, 0x0000000100000000)
  region size 1024K, 2 young (2048K), 2 survivors (2048K)
 Metaspace       used 105141K, committed 107072K, reserved 1179648K
  class space    used 14136K, committed 15104K, reserved 1048576K
}
Event: 12.912 GC heap before
{Heap before GC invocations=40 (full 0):
 garbage-first heap   total 219136K, used 138949K [0x0000000080000000, 0x0000000100000000)
  region size 1024K, 12 young (12288K), 2 survivors (2048K)
 Metaspace       used 105252K, committed 107328K, reserved 1179648K
  class space    used 14145K, committed 15168K, reserved 1048576K
}
Event: 12.916 GC heap after
{Heap after GC invocations=41 (full 0):
 garbage-first heap   total 219136K, used 137623K [0x0000000080000000, 0x0000000100000000)
  region size 1024K, 7 young (7168K), 7 survivors (7168K)
 Metaspace       used 105252K, committed 107328K, reserved 1179648K
  class space    used 14145K, committed 15168K, reserved 1048576K
}

