# JRE version: OpenJDK Runtime Environment (21.0.4) (build 21.0.4+-12508038-b607.1)
# Java VM: OpenJDK 64-Bit Server VM (21.0.4+-12508038-b607.1, mixed mode, tiered, compressed oops, compressed class ptrs, g1 gc, windows-amd64)
GC Precious Log:
 CardTable entry size: 512
 Card Set container configuration: InlinePtr #cards 5 size 8 Array Of Cards #cards 12 size 40 Howl #buckets 4 coarsen threshold 1843 Howl Bitmap #cards 512 size 80 coarsen threshold 460 Card regions per heap region 1 cards per card region 2048
 CPUs: 16 total, 16 available
 Memory: 16236M
 Large Page Support: Disabled
 NUMA Support: Disabled
 Compressed Oops: Enabled (32-bit)
 Heap Region Size: 1M
 Heap Min Capacity: 8M
 Heap Initial Capacity: 254M
 Heap Max Capacity: 2G
 Pre-touch: Disabled
 Parallel Workers: 13
 Concurrent Workers: 3
 Concurrent Refinement Workers: 13
 Periodic GC: Disabled
Heap:
 garbage-first heap   total 312320K, used 173984K [0x0000000080000000, 0x0000000100000000)
  region size 1024K, 2 young (2048K), 2 survivors (2048K)
 Metaspace       used 109936K, committed 112000K, reserved 1179648K
  class space    used 14495K, committed 15552K, reserved 1048576K
GC Heap History (20 events):
Event: 116.923 GC heap after
{Heap after GC invocations=50 (full 0):
 garbage-first heap   total 203776K, used 148155K [0x0000000080000000, 0x0000000100000000)
  region size 1024K, 7 young (7168K), 7 survivors (7168K)
 Metaspace       used 104206K, committed 106176K, reserved 1179648K
  class space    used 13988K, committed 14976K, reserved 1048576K
}
Event: 117.334 GC heap before
{Heap before GC invocations=51 (full 0):
 garbage-first heap   total 260096K, used 186043K [0x0000000080000000, 0x0000000100000000)
  region size 1024K, 37 young (37888K), 7 survivors (7168K)
 Metaspace       used 104651K, committed 106560K, reserved 1179648K
  class space    used 14028K, committed 14976K, reserved 1048576K
}
Event: 117.340 GC heap after
{Heap after GC invocations=52 (full 0):
 garbage-first heap   total 260096K, used 154624K [0x0000000080000000, 0x0000000100000000)
  region size 1024K, 5 young (5120K), 5 survivors (5120K)
 Metaspace       used 104651K, committed 106560K, reserved 1179648K
  class space    used 14028K, committed 14976K, reserved 1048576K
}
Event: 118.056 GC heap before
{Heap before GC invocations=52 (full 0):
 garbage-first heap   total 260096K, used 212992K [0x0000000080000000, 0x0000000100000000)
  region size 1024K, 62 young (63488K), 5 survivors (5120K)
 Metaspace       used 107390K, committed 109440K, reserved 1179648K
  class space    used 14339K, committed 15360K, reserved 1048576K
}
Event: 118.064 GC heap after
{Heap after GC invocations=53 (full 0):
 garbage-first heap   total 260096K, used 158521K [0x0000000080000000, 0x0000000100000000)
  region size 1024K, 7 young (7168K), 7 survivors (7168K)
 Metaspace       used 107390K, committed 109440K, reserved 1179648K
  class space    used 14339K, committed 15360K, reserved 1048576K
}
Event: 118.176 GC heap before
{Heap before GC invocations=53 (full 0):
 garbage-first heap   total 260096K, used 168761K [0x0000000080000000, 0x0000000100000000)
  region size 1024K, 12 young (12288K), 7 survivors (7168K)
 Metaspace       used 107390K, committed 109440K, reserved 1179648K
  class space    used 14339K, committed 15360K, reserved 1048576K
}
Event: 118.180 GC heap after
{Heap after GC invocations=54 (full 0):
 garbage-first heap   total 260096K, used 165202K [0x0000000080000000, 0x0000000100000000)
  region size 1024K, 3 young (3072K), 3 survivors (3072K)
 Metaspace       used 107390K, committed 109440K, reserved 1179648K
  class space    used 14339K, committed 15360K, reserved 1048576K
}
Event: 118.200 GC heap before
{Heap before GC invocations=54 (full 0):
 garbage-first heap   total 260096K, used 173394K [0x0000000080000000, 0x0000000100000000)
  region size 1024K, 4 young (4096K), 3 survivors (3072K)
 Metaspace       used 107390K, committed 109440K, reserved 1179648K
  class space    used 14339K, committed 15360K, reserved 1048576K
}
Event: 118.203 GC heap after
{Heap after GC invocations=55 (full 0):
 garbage-first heap   total 260096K, used 169179K [0x0000000080000000, 0x0000000100000000)
  region size 1024K, 3 young (3072K), 3 survivors (3072K)
 Metaspace       used 107390K, committed 109440K, reserved 1179648K
  class space    used 14339K, committed 15360K, reserved 1048576K
}
Event: 118.206 GC heap before
{Heap before GC invocations=55 (full 0):
 garbage-first heap   total 260096K, used 174299K [0x0000000080000000, 0x0000000100000000)
  region size 1024K, 4 young (4096K), 3 survivors (3072K)
 Metaspace       used 107390K, committed 109440K, reserved 1179648K
  class space    used 14339K, committed 15360K, reserved 1048576K
}
Event: 119.223 GC heap after
{Heap after GC invocations=56 (full 0):
 garbage-first heap   total 312320K, used 165988K [0x0000000080000000, 0x0000000100000000)
  region size 1024K, 3 young (3072K), 3 survivors (3072K)
 Metaspace       used 107390K, committed 109440K, reserved 1179648K
  class space    used 14339K, committed 15360K, reserved 1048576K
}
Event: 119.410 GC heap before
{Heap before GC invocations=56 (full 0):
 garbage-first heap   total 312320K, used 183396K [0x0000000080000000, 0x0000000100000000)
  region size 1024K, 15 young (15360K), 3 survivors (3072K)
 Metaspace       used 107784K, committed 109824K, reserved 1179648K
  class space    used 14386K, committed 15424K, reserved 1048576K
}
Event: 119.413 GC heap after
{Heap after GC invocations=57 (full 0):
 garbage-first heap   total 312320K, used 162868K [0x0000000080000000, 0x0000000100000000)
  region size 1024K, 2 young (2048K), 2 survivors (2048K)
 Metaspace       used 107784K, committed 109824K, reserved 1179648K
  class space    used 14386K, committed 15424K, reserved 1048576K
}
Event: 119.448 GC heap before
{Heap before GC invocations=57 (full 0):
 garbage-first heap   total 312320K, used 175156K [0x0000000080000000, 0x0000000100000000)
  region size 1024K, 15 young (15360K), 2 survivors (2048K)
 Metaspace       used 107892K, committed 109888K, reserved 1179648K
  class space    used 14397K, committed 15424K, reserved 1048576K
}
Event: 119.451 GC heap after
{Heap after GC invocations=58 (full 0):
 garbage-first heap   total 312320K, used 165464K [0x0000000080000000, 0x0000000100000000)
  region size 1024K, 2 young (2048K), 2 survivors (2048K)
 Metaspace       used 107892K, committed 109888K, reserved 1179648K
  class space    used 14397K, committed 15424K, reserved 1048576K
}
Event: 119.479 GC heap before
{Heap before GC invocations=58 (full 0):
 garbage-first heap   total 312320K, used 177752K [0x0000000080000000, 0x0000000100000000)
  region size 1024K, 15 young (15360K), 2 survivors (2048K)
 Metaspace       used 108126K, committed 110144K, reserved 1179648K
  class space    used 14413K, committed 15424K, reserved 1048576K
}
Event: 119.482 GC heap after
{Heap after GC invocations=59 (full 0):
 garbage-first heap   total 312320K, used 168105K [0x0000000080000000, 0x0000000100000000)
  region size 1024K, 2 young (2048K), 2 survivors (2048K)
 Metaspace       used 108126K, committed 110144K, reserved 1179648K
  class space    used 14413K, committed 15424K, reserved 1048576K
}
Event: 119.512 GC heap before
{Heap before GC invocations=59 (full 0):
 garbage-first heap   total 312320K, used 181417K [0x0000000080000000, 0x0000000100000000)
  region size 1024K, 15 young (15360K), 2 survivors (2048K)
 Metaspace       used 108365K, committed 110400K, reserved 1179648K
  class space    used 14439K, committed 15488K, reserved 1048576K
}
Event: 119.515 GC heap after
{Heap after GC invocations=60 (full 0):
 garbage-first heap   total 312320K, used 171389K [0x0000000080000000, 0x0000000100000000)
  region size 1024K, 2 young (2048K), 2 survivors (2048K)
 Metaspace       used 108365K, committed 110400K, reserved 1179648K
  class space    used 14439K, committed 15488K, reserved 1048576K
}
Event: 119.588 GC heap before
{Heap before GC invocations=60 (full 0):
 garbage-first heap   total 312320K, used 184701K [0x0000000080000000, 0x0000000100000000)
  region size 1024K, 15 young (15360K), 2 survivors (2048K)
 Metaspace       used 109936K, committed 112000K, reserved 1179648K
  class space    used 14495K, committed 15552K, reserved 1048576K
}

